<?xml version="1.0" encoding="UTF-8"?>
<!-- Generated by org.testng.reporters.JUnitReportReporter -->
<testsuite hostname="EICPL02L122" failures="0" tests="1" name="day3.headersDemo" time="1.499" errors="0" timestamp="2023-02-14T14:22:21 IST" skipped="0">
  <testcase classname="day3.headersDemo" name="getHeaders" time="1.499"/>
  <system-out/>
</testsuite> <!-- day3.headersDemo -->
