<?xml version="1.0" encoding="UTF-8"?>
<!-- Generated by org.testng.reporters.JUnitReportReporter -->
<testsuite hostname="EICPL02L122" failures="0" tests="1" name="day4.ParsingJSONResponseData" time="0.893" errors="0" timestamp="2023-02-14T16:09:33 IST" skipped="0">
  <testcase classname="day4.ParsingJSONResponseData" name="parsingJSONResponse4" time="0.893"/>
  <system-out/>
</testsuite> <!-- day4.ParsingJSONResponseData -->
