<?xml version="1.0" encoding="UTF-8"?>
<!-- Generated by org.testng.reporters.JUnitReportReporter -->
<testsuite hostname="EICPL02L122" failures="0" tests="1" name="day5.ParsingXMLResponse" time="1.433" errors="0" timestamp="2023-02-15T14:39:23 IST" skipped="0">
  <testcase classname="day5.ParsingXMLResponse" name="testXMLResponse2" time="1.433"/>
  <system-out/>
</testsuite> <!-- day5.ParsingXMLResponse -->
