<?xml version="1.0" encoding="UTF-8"?>
<!-- Generated by org.testng.reporters.JUnitReportReporter -->
<testsuite hostname="EICPL02L122" failures="0" tests="1" name="day7.FakerDataGenerator" time="0.147" errors="0" timestamp="2023-02-16T11:50:45 IST" skipped="0">
  <testcase classname="day7.FakerDataGenerator" name="testGenerateDummyData" time="0.147"/>
  <system-out/>
</testsuite> <!-- day7.FakerDataGenerator -->
