<?xml version="1.0" encoding="UTF-8"?>
<!-- Generated by org.testng.reporters.JUnitReportReporter -->
<testsuite hostname="EICPL02L122" failures="0" tests="1" name="day3.cookiesDemo" time="1.814" errors="0" timestamp="2023-02-14T14:11:03 IST" skipped="0">
  <testcase classname="day3.cookiesDemo" name="getCookiesInfo" time="1.814"/>
  <system-out/>
</testsuite> <!-- day3.cookiesDemo -->
