<?xml version="1.0" encoding="UTF-8"?>
<!-- Generated by org.testng.reporters.JUnitReportReporter -->
<testsuite hostname="EICPL02L122" failures="0" tests="1" name="day8.CreatyeUser" time="6.357" errors="0" timestamp="2023-02-16T18:39:45 IST" skipped="0">
  <testcase classname="day8.CreatyeUser" name="test_createuser" time="6.357"/>
  <system-out/>
</testsuite> <!-- day8.CreatyeUser -->
