<?xml version="1.0" encoding="UTF-8"?>
<!-- Generated by org.testng.reporters.JUnitReportReporter -->
<testsuite hostname="EICPL02L122" failures="0" tests="1" name="day3.PathAndQueryParameters" time="1.902" errors="0" timestamp="2023-02-14T14:01:43 IST" skipped="0">
  <testcase classname="day3.PathAndQueryParameters" name="testQueryAndPathParameter" time="1.902"/>
  <system-out/>
</testsuite> <!-- day3.PathAndQueryParameters -->
