<?xml version="1.0" encoding="UTF-8"?>
<!-- Generated by org.testng.reporters.JUnitReportReporter -->
<testsuite hostname="EICPL02L122" failures="0" tests="1" name="day7.Authentications" time="1.693" errors="0" timestamp="2023-02-16T11:46:15 IST" skipped="0">
  <testcase classname="day7.Authentications" name="TestAPIKeyAuthenticationtype" time="1.693"/>
  <system-out/>
</testsuite> <!-- day7.Authentications -->
