<?xml version="1.0" encoding="UTF-8"?>
<!-- Generated by org.testng.reporters.JUnitReportReporter -->
<testsuite hostname="EICPL02L122" failures="0" tests="1" name="day5.FileUploadandDownload" time="0.931" errors="0" timestamp="2023-02-15T14:55:55 IST" skipped="0">
  <testcase classname="day5.FileUploadandDownload" name="fileDownload" time="0.931"/>
  <system-out/>
</testsuite> <!-- day5.FileUploadandDownload -->
