<?xml version="1.0" encoding="UTF-8"?>
<!-- Generated by org.testng.reporters.JUnitReportReporter -->
<testsuite hostname="EICPL02L122" failures="0" tests="2" name="day2.DiffWaysToCreatePostRequestBody" time="2.523" errors="0" timestamp="2023-02-14T12:17:11 IST" skipped="0">
  <testcase classname="day2.DiffWaysToCreatePostRequestBody" name="testPostUsingExternalJSONFile" time="2.439"/>
  <system-out/>
  <testcase classname="day2.DiffWaysToCreatePostRequestBody" name="testDelete" time="0.084"/>
  <system-out/>
</testsuite> <!-- day2.DiffWaysToCreatePostRequestBody -->
