<?xml version="1.0" encoding="UTF-8"?>
<!-- Generated by org.testng.reporters.JUnitReportReporter -->
<testsuite hostname="EICPL02L122" failures="0" tests="4" name="day1.HTTPRequests" time="3.380" errors="0" timestamp="2023-02-13T13:08:43 IST" skipped="0">
  <testcase classname="day1.HTTPRequests" name="listUsers" time="1.691"/>
  <system-out/>
  <testcase classname="day1.HTTPRequests" name="createUser" time="0.702"/>
  <system-out/>
  <testcase classname="day1.HTTPRequests" name="updateUser" time="0.474"/>
  <system-out/>
  <testcase classname="day1.HTTPRequests" name="deleteUser" time="0.513"/>
  <system-out/>
</testsuite> <!-- day1.HTTPRequests -->
