<?xml version="1.0" encoding="UTF-8"?>
<!-- Generated by org.testng.reporters.JUnitReportReporter -->
<testsuite hostname="EICPL02L122" failures="0" tests="1" name="day3.loggingDemo" time="2.536" errors="0" timestamp="2023-02-14T14:32:47 IST" skipped="0">
  <testcase classname="day3.loggingDemo" name="testLogs" time="2.536"/>
  <system-out/>
</testsuite> <!-- day3.loggingDemo -->
