<?xml version="1.0" encoding="UTF-8"?>
<!-- Generated by org.testng.reporters.JUnitReportReporter -->
<testsuite hostname="EICPL02L122" failures="0" tests="1" name="day6.SerializationandDeserialization" time="0.181" errors="0" timestamp="2023-02-15T17:18:43 IST" skipped="0">
  <testcase classname="day6.SerializationandDeserialization" name="convertJson2Pojo" time="0.181"/>
  <system-out/>
</testsuite> <!-- day6.SerializationandDeserialization -->
