<?xml version="1.0" encoding="UTF-8"?>
<!-- Generated by org.testng.reporters.JUnitReportReporter -->
<testsuite hostname="EICPL02L122" failures="0" tests="5" name="day9.VideoGameAPI" time="2.506" errors="0" timestamp="2023-02-17T12:42:31 IST" skipped="0">
  <testcase classname="day9.VideoGameAPI" name="test_getAllVideoGames" time="1.367"/>
  <system-out/>
  <testcase classname="day9.VideoGameAPI" name="test_AddnewVideoGames" time="0.379"/>
  <system-out/>
  <testcase classname="day9.VideoGameAPI" name="test_getVideoGame" time="0.667"/>
  <system-out/>
  <testcase classname="day9.VideoGameAPI" name="test_updateVideoGame" time="0.070"/>
  <system-out/>
  <testcase classname="day9.VideoGameAPI" name="test_deleteVideoGame" time="0.023"/>
  <system-out/>
</testsuite> <!-- day9.VideoGameAPI -->
